<?xml version="1.0" encoding="UTF-8"?>
<!-- Generated by org.testng.reporters.JUnitReportReporter -->
<testsuite skipped="0" hostname="Niralyan-PC" name="assertionsTest.SoftAssertTest" tests="1" failures="0" timestamp="2020-02-27T11:07:56 IST" time="0.018" errors="0">
  <testcase name="login" time="0.018" classname="assertionsTest.SoftAssertTest"/>
</testsuite> <!-- assertionsTest.SoftAssertTest -->
