<?xml version="1.0" encoding="UTF-8"?>
<!-- Generated by org.testng.reporters.JUnitReportReporter -->
<testsuite skipped="0" hostname="Niralyan-PC" name="annonationsTest.AnnotationsTest2" tests="3" failures="0" timestamp="2020-02-26T11:29:41 IST" time="0.037" errors="0">
  <testcase name="bookingTest" time="0.011" classname="annonationsTest.AnnotationsTest2"/>
  <testcase name="regTest" time="0.017" classname="annonationsTest.AnnotationsTest2"/>
  <testcase name="cancelTest" time="0.009" classname="annonationsTest.AnnotationsTest2"/>
</testsuite> <!-- annonationsTest.AnnotationsTest2 -->
