<?xml version="1.0" encoding="UTF-8"?>
<!-- Generated by org.testng.reporters.JUnitReportReporter -->
<testsuite skipped="0" hostname="Niralyan-PC" name="keywordTest.PriorityTest" tests="4" failures="0" timestamp="2020-02-26T11:29:41 IST" time="0.012" errors="0">
  <testcase name="loginTest" time="0.008" classname="keywordTest.PriorityTest"/>
  <testcase name="regTest" time="0.001" classname="keywordTest.PriorityTest"/>
  <testcase name="bookingTest" time="0.001" classname="keywordTest.PriorityTest"/>
  <testcase name="cancelTest" time="0.002" classname="keywordTest.PriorityTest"/>
</testsuite> <!-- keywordTest.PriorityTest -->
