<?xml version="1.0" encoding="UTF-8"?>
<!-- Generated by org.testng.reporters.JUnitReportReporter -->
<testsuite skipped="0" hostname="Niralyan-PC" name="keywordTest.ParallelTest" tests="2" failures="0" timestamp="2020-02-26T11:37:37 IST" time="16.683" errors="0">
  <testcase name="sessionOne" time="11.459" classname="keywordTest.ParallelTest"/>
  <testcase name="sessionTwo" time="5.224" classname="keywordTest.ParallelTest"/>
</testsuite> <!-- keywordTest.ParallelTest -->
