<?xml version="1.0" encoding="UTF-8"?>
<!-- Generated by org.testng.reporters.JUnitReportReporter -->
<testsuite skipped="0" hostname="Niralyan-PC" name="ParameterizationTest.SingleDataProviderTest" tests="4" failures="0" timestamp="2020-02-27T10:37:03 IST" time="25.506" errors="0">
  <testcase name="logintest" time="10.136" classname="ParameterizationTest.SingleDataProviderTest"/>
  <testcase name="logintest1" time="0.002" classname="ParameterizationTest.SingleDataProviderTest"/>
  <testcase name="logintest" time="7.961" classname="ParameterizationTest.SingleDataProviderTest"/>
  <testcase name="logintest" time="7.407" classname="ParameterizationTest.SingleDataProviderTest"/>
</testsuite> <!-- ParameterizationTest.SingleDataProviderTest -->
